{
  "uid" : "4b4757e66a1912dae1a509f688f20b0f",
  "children" : [ {
    "name" : "Product defects",
    "children" : [ {
      "name" : "AssertionError: assert 13 == 10\n +  where 13 = <module 'test_tcA009' from '/home/runner/work/conduit/conduit/test_proj/test_tcA009.py'>.pages_blog_num",
      "children" : [ {
        "name" : "test_t_case009",
        "uid" : "712bf1a2bbad7da5",
        "parentUid" : "9ae5de8d46a072b3fd91b0a06ac740ef",
        "status" : "failed",
        "time" : {
          "start" : 1627659319509,
          "stop" : 1627659377707,
          "duration" : 58198
        },
        "flaky" : false,
        "newFailed" : false,
        "parameters" : [ ]
      } ],
      "uid" : "9ae5de8d46a072b3fd91b0a06ac740ef"
    } ],
    "uid" : "8fb3a91ba5aaf9de24cc8a92edc82b5d"
  }, {
    "name" : "Test defects",
    "children" : [ {
      "name" : "selenium.common.exceptions.WebDriverException: Message: unknown error: Chrome failed to start: exited abnormally.\n  (unknown error: DevToolsActivePort file doesn't exist)\n  (The process started from chrome location /usr/bin/google-chrome is no longer running, so ChromeDriver is assuming that Chrome has crashed.)",
      "children" : [ {
        "name" : "test_t_case010",
        "uid" : "358ec030a2f2e07b",
        "parentUid" : "e4a7d37349393b5a9e33d7e741170037",
        "status" : "broken",
        "time" : {
          "start" : 1627659377765,
          "stop" : 1627659384816,
          "duration" : 7051
        },
        "flaky" : false,
        "newFailed" : false,
        "parameters" : [ ]
      } ],
      "uid" : "e4a7d37349393b5a9e33d7e741170037"
    } ],
    "uid" : "bdbf199525818fae7a8651db9eafe741"
  } ],
  "name" : "categories"
}